[debug] [2022-09-12T07:08:57.278Z] ----------------------------------------------------------------------
[debug] [2022-09-12T07:08:57.280Z] Command:       /usr/bin/node /usr/bin/firebase init
[debug] [2022-09-12T07:08:57.280Z] CLI Version:   11.8.1
[debug] [2022-09-12T07:08:57.281Z] Platform:      linux
[debug] [2022-09-12T07:08:57.281Z] Node Version:  v16.15.1
[debug] [2022-09-12T07:08:57.281Z] Time:          Mon Sep 12 2022 12:38:57 GMT+0530 (India Standard Time)
[debug] [2022-09-12T07:08:57.282Z] ----------------------------------------------------------------------
[debug] 
[debug] [2022-09-12T07:08:57.375Z] > command requires scopes: ["email","openid","https://www.googleapis.com/auth/cloudplatformprojects.readonly","https://www.googleapis.com/auth/firebase","https://www.googleapis.com/auth/cloud-platform"]
[debug] [2022-09-12T07:08:57.375Z] > authorizing via signed-in user (varshil.shah@ecosmob.com)
[info] 
     ######## #### ########  ######## ########     ###     ######  ########
     ##        ##  ##     ## ##       ##     ##  ##   ##  ##       ##
     ######    ##  ########  ######   ########  #########  ######  ######
     ##        ##  ##    ##  ##       ##     ## ##     ##       ## ##
     ##       #### ##     ## ######## ########  ##     ##  ######  ########

You're about to initialize a Firebase project in this directory:

  /home/varshil/DemoApp/todo

Before we get started, keep in mind:

  * You are initializing within an existing Firebase project directory

[info] 
=== Project Setup
[info] 
[info] First, let's associate this project directory with a Firebase project.
[info] You can create multiple project aliases by running firebase use --add, 
[info] but for now we'll just set up a default project.
[info] 
[debug] [2022-09-12T07:09:04.267Z] Using project from CLI flag: todo-ac50c
[debug] [2022-09-12T07:09:04.271Z] >>> [apiv2][query] GET https://firebase.googleapis.com/v1beta1/projects/todo-ac50c [none]
[debug] [2022-09-12T07:09:04.852Z] <<< [apiv2][status] GET https://firebase.googleapis.com/v1beta1/projects/todo-ac50c 200
[debug] [2022-09-12T07:09:04.852Z] <<< [apiv2][body] GET https://firebase.googleapis.com/v1beta1/projects/todo-ac50c {"projectId":"todo-ac50c","projectNumber":"79674040069","displayName":"Todo","name":"projects/todo-ac50c","resources":{"hostingSite":"todo-ac50c","realtimeDatabaseInstance":"todo-ac50c-default-rtdb"},"state":"ACTIVE","etag":"1_d0fd01ee-ac88-49e2-bfc2-ecc9463a7036"}
[info] i  Using project todo-ac50c (Todo) 
[info] 
=== Hosting Setup
[info] 
[info] Your public directory is the folder (relative to your project directory) that
[info] will contain Hosting assets to be uploaded with firebase deploy. If you
[info] have a build process for your assets, use your build's output directory.
[info] 
[debug] [2022-09-12T07:09:24.141Z] >>> [apiv2][query] GET https://www.gstatic.com/firebasejs/releases.json [none]
[debug] [2022-09-12T07:09:24.273Z] <<< [apiv2][status] GET https://www.gstatic.com/firebasejs/releases.json 200
[debug] [2022-09-12T07:09:24.273Z] <<< [apiv2][body] GET https://www.gstatic.com/firebasejs/releases.json {"current":{"version":"9.9.4","browserURL":"https://www.gstatic.com/firebasejs/9.9.4/firebase.js","packageURL":"https://www.gstatic.com/firebasejs/9.9.4/firebase.tgz"},"live":{"version":"9.9","browserURL":"https://www.gstatic.com/firebasejs/live/9.9/firebase.js","packageURL":"https://www.gstatic.com/firebasejs/live/9.9/firebase.tgz"},"components":{"analytics":"https://www.gstatic.com/firebasejs/9.9.4/firebase-analytics.js","app":"https://www.gstatic.com/firebasejs/9.9.4/firebase-app.js","app-check":"https://www.gstatic.com/firebasejs/9.9.4/firebase-app-check.js","auth":"https://www.gstatic.com/firebasejs/9.9.4/firebase-auth.js","auth/cordova":"https://www.gstatic.com/firebasejs/9.9.4/firebase-auth/cordova.js","auth/react-native":"https://www.gstatic.com/firebasejs/9.9.4/firebase-auth/react-native.js","functions":"https://www.gstatic.com/firebasejs/9.9.4/firebase-functions.js","firestore":"https://www.gstatic.com/firebasejs/9.9.4/firebase-firestore.js","firestore/lite":"https://www.gstatic.com/firebasejs/9.9.4/firebase-firestore/lite.js","installations":"https://www.gstatic.com/firebasejs/9.9.4/firebase-installations.js","storage":"https://www.gstatic.com/firebasejs/9.9.4/firebase-storage.js","performance":"https://www.gstatic.com/firebasejs/9.9.4/firebase-performance.js","remote-config":"https://www.gstatic.com/firebasejs/9.9.4/firebase-remote-config.js","messaging":"https://www.gstatic.com/firebasejs/9.9.4/firebase-messaging.js","messaging/sw":"https://www.gstatic.com/firebasejs/9.9.4/firebase-messaging/sw.js","database":"https://www.gstatic.com/firebasejs/9.9.4/firebase-database.js","firestore.memory":"https://www.gstatic.com/firebasejs/9.9.4/firebase-firestore.memory.js"}}
[info] i  Skipping write of build/index.html 
[info] 
[info] i  Detected a .git folder at /home/varshil/DemoApp/todo 
[info] i  Authorizing with GitHub to upload your service account to a GitHub repository's secrets store. 
[info] 
[info] Visit this URL on this device to log in:
[info] https://github.com/login/oauth/authorize?client_id=89cf50f02ac6aaed3484&state=493522591&redirect_uri=http%3A%2F%2Flocalhost%3A9005&scope=read%3Auser%20repo%20public_repo
[info] 
[info] Waiting for authentication...
[debug] [2022-09-12T07:12:44.620Z] >>> [apiv2][query] POST https://github.com/login/oauth/access_token [none]
[debug] [2022-09-12T07:12:44.620Z] >>> [apiv2][body] POST https://github.com/login/oauth/access_token [stream]
[debug] [2022-09-12T07:12:45.081Z] <<< [apiv2][status] POST https://github.com/login/oauth/access_token 200
[debug] [2022-09-12T07:12:45.081Z] <<< [apiv2][body] POST https://github.com/login/oauth/access_token {"access_token":"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","token_type":"bearer","scope":"read:user,repo"}
[debug] [2022-09-12T07:12:45.091Z] >>> [apiv2][query] GET https://api.github.com/user [none]
[debug] [2022-09-12T07:12:45.535Z] <<< [apiv2][status] GET https://api.github.com/user 200
[debug] [2022-09-12T07:12:45.535Z] <<< [apiv2][body] GET https://api.github.com/user {"login":"Varshil1707","id":110881218,"node_id":"U_kgDOBpvpwg","avatar_url":"https://avatars.githubusercontent.com/u/110881218?v=4","gravatar_id":"","url":"https://api.github.com/users/Varshil1707","html_url":"https://github.com/Varshil1707","followers_url":"https://api.github.com/users/Varshil1707/followers","following_url":"https://api.github.com/users/Varshil1707/following{/other_user}","gists_url":"https://api.github.com/users/Varshil1707/gists{/gist_id}","starred_url":"https://api.github.com/users/Varshil1707/starred{/owner}{/repo}","subscriptions_url":"https://api.github.com/users/Varshil1707/subscriptions","organizations_url":"https://api.github.com/users/Varshil1707/orgs","repos_url":"https://api.github.com/users/Varshil1707/repos","events_url":"https://api.github.com/users/Varshil1707/events{/privacy}","received_events_url":"https://api.github.com/users/Varshil1707/received_events","type":"User","site_admin":false,"name":null,"company":null,"blog":"","location":null,"email":null,"hireable":null,"bio":null,"twitter_username":null,"public_repos":1,"public_gists":0,"followers":0,"following":0,"created_at":"2022-08-09T03:57:22Z","updated_at":"2022-09-12T07:11:49Z","private_gists":0,"total_private_repos":0,"owned_private_repos":0,"disk_usage":0,"collaborators":0,"two_factor_authentication":false,"plan":{"name":"free","space":976562499,"collaborators":0,"private_repos":10000}}
[info] 
[info] ✔  Success! Logged into GitHub as Varshil1707 
[info] 
[debug] [2022-09-12T07:13:04.455Z] >>> [apiv2][query] GET https://api.github.com/repos/user/actions/secrets/public-key type=owner
[debug] [2022-09-12T07:13:04.783Z] <<< [apiv2][status] GET https://api.github.com/repos/user/actions/secrets/public-key 404
[debug] [2022-09-12T07:13:04.783Z] <<< [apiv2][body] GET https://api.github.com/repos/user/actions/secrets/public-key {"message":"Not Found","documentation_url":"https://docs.github.com/rest"}
[debug] [2022-09-12T07:13:11.612Z] >>> [apiv2][query] GET https://api.github.com/repos/user/actions/secrets/public-key type=owner
[debug] [2022-09-12T07:13:11.929Z] <<< [apiv2][status] GET https://api.github.com/repos/user/actions/secrets/public-key 404
[debug] [2022-09-12T07:13:11.930Z] <<< [apiv2][body] GET https://api.github.com/repos/user/actions/secrets/public-key {"message":"Not Found","documentation_url":"https://docs.github.com/rest"}
[debug] [2022-09-12T07:14:04.934Z] >>> [apiv2][query] GET https://api.github.com/repos/todo/actions/secrets/public-key type=owner
[debug] [2022-09-12T07:14:05.262Z] <<< [apiv2][status] GET https://api.github.com/repos/todo/actions/secrets/public-key 404
[debug] [2022-09-12T07:14:05.262Z] <<< [apiv2][body] GET https://api.github.com/repos/todo/actions/secrets/public-key {"message":"Not Found","documentation_url":"https://docs.github.com/rest"}
[debug] [2022-09-12T07:14:29.130Z] >>> [apiv2][query] GET https://api.github.com/repos/Varshil/Todo/actions/secrets/public-key type=owner
[debug] [2022-09-12T07:14:29.450Z] <<< [apiv2][status] GET https://api.github.com/repos/Varshil/Todo/actions/secrets/public-key 404
[debug] [2022-09-12T07:14:29.451Z] <<< [apiv2][body] GET https://api.github.com/repos/Varshil/Todo/actions/secrets/public-key {"message":"Not Found","documentation_url":"https://docs.github.com/rest/reference/actions#get-a-repository-public-key"}
[debug] [2022-09-12T07:14:32.345Z] >>> [apiv2][query] GET https://api.github.com/repos/Varshil/Todo/actions/secrets/public-key type=owner
[debug] [2022-09-12T07:14:32.481Z] >>> [apiv2][query] GET https://api.github.com/repos//actions/secrets/public-key type=owner
[debug] [2022-09-12T07:14:32.625Z] >>> [apiv2][query] GET https://api.github.com/repos//actions/secrets/public-key type=owner
[debug] [2022-09-12T07:14:32.674Z] <<< [apiv2][status] GET https://api.github.com/repos/Varshil/Todo/actions/secrets/public-key 404
[debug] [2022-09-12T07:14:32.674Z] <<< [apiv2][body] GET https://api.github.com/repos/Varshil/Todo/actions/secrets/public-key {"message":"Not Found","documentation_url":"https://docs.github.com/rest/reference/actions#get-a-repository-public-key"}
[debug] [2022-09-12T07:14:32.761Z] >>> [apiv2][query] GET https://api.github.com/repos/Varshil/Todo/actions/secrets/public-key type=owner
[debug] [2022-09-12T07:14:32.824Z] <<< [apiv2][status] GET https://api.github.com/repos//actions/secrets/public-key 404
[debug] [2022-09-12T07:14:32.825Z] <<< [apiv2][body] GET https://api.github.com/repos//actions/secrets/public-key {"message":"Not Found","documentation_url":"https://docs.github.com/rest"}
[debug] [2022-09-12T07:14:32.949Z] <<< [apiv2][status] GET https://api.github.com/repos//actions/secrets/public-key 404
[debug] [2022-09-12T07:14:32.950Z] <<< [apiv2][body] GET https://api.github.com/repos//actions/secrets/public-key {"message":"Not Found","documentation_url":"https://docs.github.com/rest"}
[debug] [2022-09-12T07:14:33.140Z] <<< [apiv2][status] GET https://api.github.com/repos/Varshil/Todo/actions/secrets/public-key 404
[debug] [2022-09-12T07:14:33.140Z] <<< [apiv2][body] GET https://api.github.com/repos/Varshil/Todo/actions/secrets/public-key {"message":"Not Found","documentation_url":"https://docs.github.com/rest/reference/actions#get-a-repository-public-key"}
[debug] [2022-09-12T07:14:43.761Z] >>> [apiv2][query] GET https://api.github.com/repos/Varshil1707/Todo/actions/secrets/public-key type=owner
[debug] [2022-09-12T07:14:44.120Z] <<< [apiv2][status] GET https://api.github.com/repos/Varshil1707/Todo/actions/secrets/public-key 404
[debug] [2022-09-12T07:14:44.121Z] <<< [apiv2][body] GET https://api.github.com/repos/Varshil1707/Todo/actions/secrets/public-key {"message":"Not Found","documentation_url":"https://docs.github.com/rest/reference/actions#get-a-repository-public-key"}
[debug] [2022-09-12T07:14:46.529Z] >>> [apiv2][query] GET https://api.github.com/repos/Varshil1707/Todo/actions/secrets/public-key type=owner
[debug] [2022-09-12T07:14:46.655Z] >>> [apiv2][query] GET https://api.github.com/repos//actions/secrets/public-key type=owner
[debug] [2022-09-12T07:14:46.800Z] >>> [apiv2][query] GET https://api.github.com/repos//actions/secrets/public-key type=owner
[debug] [2022-09-12T07:14:46.870Z] <<< [apiv2][status] GET https://api.github.com/repos/Varshil1707/Todo/actions/secrets/public-key 404
[debug] [2022-09-12T07:14:46.870Z] <<< [apiv2][body] GET https://api.github.com/repos/Varshil1707/Todo/actions/secrets/public-key {"message":"Not Found","documentation_url":"https://docs.github.com/rest/reference/actions#get-a-repository-public-key"}
[debug] [2022-09-12T07:14:46.997Z] <<< [apiv2][status] GET https://api.github.com/repos//actions/secrets/public-key 404
[debug] [2022-09-12T07:14:46.997Z] <<< [apiv2][body] GET https://api.github.com/repos//actions/secrets/public-key {"message":"Not Found","documentation_url":"https://docs.github.com/rest"}
[debug] [2022-09-12T07:14:47.129Z] <<< [apiv2][status] GET https://api.github.com/repos//actions/secrets/public-key 404
[debug] [2022-09-12T07:14:47.129Z] <<< [apiv2][body] GET https://api.github.com/repos//actions/secrets/public-key {"message":"Not Found","documentation_url":"https://docs.github.com/rest"}
[debug] [2022-09-12T07:14:47.992Z] >>> [apiv2][query] GET https://api.github.com/repos/Varshil1707/Todo/actions/secrets/public-key type=owner
[debug] [2022-09-12T07:14:48.176Z] >>> [apiv2][query] GET https://api.github.com/repos//actions/secrets/public-key type=owner
[debug] [2022-09-12T07:14:48.423Z] <<< [apiv2][status] GET https://api.github.com/repos/Varshil1707/Todo/actions/secrets/public-key 404
[debug] [2022-09-12T07:14:48.423Z] <<< [apiv2][body] GET https://api.github.com/repos/Varshil1707/Todo/actions/secrets/public-key {"message":"Not Found","documentation_url":"https://docs.github.com/rest/reference/actions#get-a-repository-public-key"}
[debug] [2022-09-12T07:14:48.596Z] <<< [apiv2][status] GET https://api.github.com/repos//actions/secrets/public-key 404
[debug] [2022-09-12T07:14:48.596Z] <<< [apiv2][body] GET https://api.github.com/repos//actions/secrets/public-key {"message":"Not Found","documentation_url":"https://docs.github.com/rest"}
[debug] [2022-09-12T07:14:49.097Z] >>> [apiv2][query] GET https://api.github.com/repos/Varshil1707/Todo/actions/secrets/public-key type=owner
[debug] [2022-09-12T07:14:49.232Z] >>> [apiv2][query] GET https://api.github.com/repos//actions/secrets/public-key type=owner
[debug] [2022-09-12T07:14:49.432Z] <<< [apiv2][status] GET https://api.github.com/repos/Varshil1707/Todo/actions/secrets/public-key 404
[debug] [2022-09-12T07:14:49.432Z] <<< [apiv2][body] GET https://api.github.com/repos/Varshil1707/Todo/actions/secrets/public-key {"message":"Not Found","documentation_url":"https://docs.github.com/rest/reference/actions#get-a-repository-public-key"}
[debug] [2022-09-12T07:14:49.564Z] <<< [apiv2][status] GET https://api.github.com/repos//actions/secrets/public-key 404
[debug] [2022-09-12T07:14:49.565Z] <<< [apiv2][body] GET https://api.github.com/repos//actions/secrets/public-key {"message":"Not Found","documentation_url":"https://docs.github.com/rest"}
[debug] [2022-09-12T07:14:50.065Z] >>> [apiv2][query] GET https://api.github.com/repos/Varshil1707/Todo/actions/secrets/public-key type=owner
[debug] [2022-09-12T07:14:50.200Z] >>> [apiv2][query] GET https://api.github.com/repos//actions/secrets/public-key type=owner
[debug] [2022-09-12T07:14:50.415Z] <<< [apiv2][status] GET https://api.github.com/repos/Varshil1707/Todo/actions/secrets/public-key 404
[debug] [2022-09-12T07:14:50.416Z] <<< [apiv2][body] GET https://api.github.com/repos/Varshil1707/Todo/actions/secrets/public-key {"message":"Not Found","documentation_url":"https://docs.github.com/rest/reference/actions#get-a-repository-public-key"}
[debug] [2022-09-12T07:14:50.523Z] <<< [apiv2][status] GET https://api.github.com/repos//actions/secrets/public-key 404
[debug] [2022-09-12T07:14:50.523Z] <<< [apiv2][body] GET https://api.github.com/repos//actions/secrets/public-key {"message":"Not Found","documentation_url":"https://docs.github.com/rest"}
[debug] [2022-09-12T07:14:50.928Z] >>> [apiv2][query] GET https://api.github.com/repos/Varshil1707/Todo/actions/secrets/public-key type=owner
[debug] [2022-09-12T07:14:51.080Z] >>> [apiv2][query] GET https://api.github.com/repos//actions/secrets/public-key type=owner
[debug] [2022-09-12T07:14:51.257Z] <<< [apiv2][status] GET https://api.github.com/repos/Varshil1707/Todo/actions/secrets/public-key 404
[debug] [2022-09-12T07:14:51.257Z] <<< [apiv2][body] GET https://api.github.com/repos/Varshil1707/Todo/actions/secrets/public-key {"message":"Not Found","documentation_url":"https://docs.github.com/rest/reference/actions#get-a-repository-public-key"}
[debug] [2022-09-12T07:14:51.404Z] <<< [apiv2][status] GET https://api.github.com/repos//actions/secrets/public-key 404
[debug] [2022-09-12T07:14:51.405Z] <<< [apiv2][body] GET https://api.github.com/repos//actions/secrets/public-key {"message":"Not Found","documentation_url":"https://docs.github.com/rest"}
